<?xml version="1.0" encoding="UTF-8"?>
<!-- Generated by org.testng.reporters.JUnitXMLReporter -->
<testsuite hostname="Walkingtree-PC" ignored="0" name="MurariTestCase" tests="9" failures="1" timestamp="21 Feb 2018 07:38:45 GMT" time="0.069" errors="0">
  <testcase name="TestCase1" time="0.011" classname="Testng_concept.basic_testng"/>
  <testcase name="afterClass" time="0.002" classname="Testng_concept.basic_testng"/>
  <testcase name="afterMethod" time="0.001" classname="Testng_concept.basic_testng"/>
  <testcase name="afterSuite" time="0.001" classname="Testng_concept.basic_testng"/>
  <testcase name="afterTest" time="0.001" classname="Testng_concept.basic_testng"/>
  <testcase name="beforeClass" time="0.003" classname="Testng_concept.basic_testng"/>
  <testcase name="beforeMethod" time="0.004" classname="Testng_concept.basic_testng">
    <failure type="java.lang.AssertionError" message="Actual name is not matching with expected  expected [sohan] but found [Murari]">
      <![CDATA[java.lang.AssertionError: Actual name is not matching with expected  expected [sohan] but found [Murari]
	at Testng_concept.basic_testng.beforeMethod(basic_testng.java:49)
... Removed 30 stack frames]]>
    </failure>
  </testcase> <!-- beforeMethod -->
  <testcase name="beforeSuite" time="0.0" classname="Testng_concept.basic_testng"/>
  <testcase name="beforeTest" time="0.0" classname="Testng_concept.basic_testng"/>
</testsuite> <!-- MurariTestCase -->
